[2026-01-30 17:53:22] 🚀 开始采集武汉贷款公众号产品...
[2026-01-30 17:53:22]   ❌ 采集失败: string indices must be integers, not 'str'
[2026-01-30 17:53:22]   ❌ 采集失败: string indices must be integers, not 'str'
[2026-01-30 17:53:22]   ❌ 采集失败: string indices must be integers, not 'str'
[2026-01-30 17:53:22]   ❌ 采集失败: string indices must be integers, not 'str'
[2026-01-30 17:53:22]   ❌ 采集失败: string indices must be integers, not 'str'
[2026-01-30 17:53:22] ✅ 共采集 0 个产品
[2026-01-30 17:54:16] 🚀 开始采集武汉贷款公众号产品...
[2026-01-30 17:54:16] 📱 采集: 武汉贷款通 (产品推荐)
[2026-01-30 17:54:16]   ✅ 获取 5 个产品
[2026-01-30 17:54:16] 📱 采集: 汉口贷款助手 (产品评测)
[2026-01-30 17:54:16]   ✅ 获取 5 个产品
[2026-01-30 17:54:16] 📱 采集: 湖北金融通 (政策解读)
[2026-01-30 17:54:16]   ✅ 获取 5 个产品
[2026-01-30 17:54:16] 📱 采集: 光谷贷款指南 (产品推荐)
[2026-01-30 17:54:16]   ✅ 获取 5 个产品
[2026-01-30 17:54:16] 📱 采集: 武汉房抵专家 (抵押贷款)
[2026-01-30 17:54:16]   ✅ 获取 5 个产品
[2026-01-30 17:54:16] 📱 采集: 汉口银行微服务 (银行官方)
[2026-01-30 17:54:16]   ✅ 获取 5 个产品
[2026-01-30 17:54:16] 📱 采集: 湖北银行微银行 (银行官方)
[2026-01-30 17:54:16]   ✅ 获取 5 个产品
[2026-01-30 17:54:16] 📱 采集: 公积金查询武汉 (公积金资讯)
[2026-01-30 17:54:16]   ✅ 获取 5 个产品
[2026-01-30 17:54:16] 📱 采集: 武汉信贷经理 (信贷经理)
[2026-01-30 17:54:16]   ✅ 获取 5 个产品
[2026-01-30 17:54:16] 📱 采集: 贷款知识科普 (知识科普)
[2026-01-30 17:54:16]   ✅ 获取 5 个产品
[2026-01-30 17:54:16] ✅ 共采集 50 个产品
[2026-01-30 17:54:20] 🚀 开始采集武汉贷款公众号产品...
[2026-01-30 17:54:20] 📱 采集: 武汉贷款通 (产品推荐)
[2026-01-30 17:54:20]   ✅ 获取 5 个产品
[2026-01-30 17:54:20] 📱 采集: 汉口贷款助手 (产品评测)
[2026-01-30 17:54:20]   ✅ 获取 5 个产品
[2026-01-30 17:54:20] 📱 采集: 湖北金融通 (政策解读)
[2026-01-30 17:54:20]   ✅ 获取 5 个产品
[2026-01-30 17:54:20] 📱 采集: 光谷贷款指南 (产品推荐)
[2026-01-30 17:54:20]   ✅ 获取 5 个产品
[2026-01-30 17:54:20] 📱 采集: 武汉房抵专家 (抵押贷款)
[2026-01-30 17:54:20]   ✅ 获取 5 个产品
[2026-01-30 17:54:20] 📱 采集: 汉口银行微服务 (银行官方)
[2026-01-30 17:54:20]   ✅ 获取 5 个产品
[2026-01-30 17:54:20] 📱 采集: 湖北银行微银行 (银行官方)
[2026-01-30 17:54:20]   ✅ 获取 5 个产品
[2026-01-30 17:54:20] 📱 采集: 公积金查询武汉 (公积金资讯)
[2026-01-30 17:54:20]   ✅ 获取 5 个产品
[2026-01-30 17:54:20] 📱 采集: 武汉信贷经理 (信贷经理)
[2026-01-30 17:54:20]   ✅ 获取 5 个产品
[2026-01-30 17:54:20] 📱 采集: 贷款知识科普 (知识科普)
[2026-01-30 17:54:20]   ✅ 获取 5 个产品
[2026-01-30 17:54:20] ✅ 共采集 50 个产品
🚀 开始采集武汉贷款公众号产品...
📱 采集: 武汉贷款通 (产品推荐)
  ✅ 获取 5 个产品
📱 采集: 汉口贷款助手 (产品评测)
  ✅ 获取 5 个产品
📱 采集: 湖北金融通 (政策解读)
  ✅ 获取 5 个产品
📱 采集: 光谷贷款指南 (产品推荐)
  ✅ 获取 5 个产品
📱 采集: 武汉房抵专家 (抵押贷款)
  ✅ 获取 5 个产品
📱 采集: 汉口银行微服务 (银行官方)
  ✅ 获取 5 个产品
📱 采集: 湖北银行微银行 (银行官方)
  ✅ 获取 5 个产品
📱 采集: 公积金查询武汉 (公积金资讯)
  ✅ 获取 5 个产品
📱 采集: 武汉信贷经理 (信贷经理)
  ✅ 获取 5 个产品
📱 采集: 贷款知识科普 (知识科普)
  ✅ 获取 5 个产品
✅ 共采集 50 个产品

📊 采集完成: 50 个产品
📄 报告: /home/codespace/clawd/wechat-collector/data/report_20260130.md
[2026-01-30 17:54:21] 🚀 开始采集武汉贷款公众号产品...
[2026-01-30 17:54:21] 📱 采集: 武汉贷款通 (产品推荐)
[2026-01-30 17:54:21]   ✅ 获取 5 个产品
[2026-01-30 17:54:21] 📱 采集: 汉口贷款助手 (产品评测)
[2026-01-30 17:54:21]   ✅ 获取 5 个产品
[2026-01-30 17:54:21] 📱 采集: 湖北金融通 (政策解读)
[2026-01-30 17:54:21]   ✅ 获取 5 个产品
[2026-01-30 17:54:21] 📱 采集: 光谷贷款指南 (产品推荐)
[2026-01-30 17:54:21]   ✅ 获取 5 个产品
[2026-01-30 17:54:21] 📱 采集: 武汉房抵专家 (抵押贷款)
[2026-01-30 17:54:21]   ✅ 获取 5 个产品
[2026-01-30 17:54:21] 📱 采集: 汉口银行微服务 (银行官方)
[2026-01-30 17:54:21]   ✅ 获取 5 个产品
[2026-01-30 17:54:21] 📱 采集: 湖北银行微银行 (银行官方)
[2026-01-30 17:54:21]   ✅ 获取 5 个产品
[2026-01-30 17:54:21] 📱 采集: 公积金查询武汉 (公积金资讯)
[2026-01-30 17:54:21]   ✅ 获取 5 个产品
[2026-01-30 17:54:21] 📱 采集: 武汉信贷经理 (信贷经理)
[2026-01-30 17:54:21]   ✅ 获取 5 个产品
[2026-01-30 17:54:21] 📱 采集: 贷款知识科普 (知识科普)
[2026-01-30 17:54:21]   ✅ 获取 5 个产品
[2026-01-30 17:54:21] ✅ 共采集 50 个产品
