[2026-01-31 02:38:09] ============================================================
[2026-01-31 02:38:09]     增强版公众号产品采集系统 v2.0
[2026-01-31 02:38:09] ============================================================
[2026-01-31 02:38:09] 🚀 开始增强版公众号产品采集...
[2026-01-31 02:38:09] 📱 采集: 武汉贷款通 (产品推荐)
[2026-01-31 02:38:09]   ✅ 提取 1 个产品
[2026-01-31 02:38:09] 📱 采集: 汉口贷款助手 (产品评测)
[2026-01-31 02:38:09]   ✅ 提取 1 个产品
[2026-01-31 02:38:09] 📱 采集: 湖北金融通 (政策解读)
[2026-01-31 02:38:09]   ✅ 提取 1 个产品
[2026-01-31 02:38:09] 📱 采集: 光谷贷款指南 (产品推荐)
[2026-01-31 02:38:09]   ✅ 提取 1 个产品
[2026-01-31 02:38:09] 📱 采集: 武汉房抵专家 (抵押贷款)
[2026-01-31 02:38:09]   ✅ 提取 1 个产品
[2026-01-31 02:38:09] 📱 采集: 汉口银行微服务 (银行官方)
[2026-01-31 02:38:09]   ✅ 提取 1 个产品
[2026-01-31 02:38:09] 📱 采集: 湖北银行微银行 (银行官方)
[2026-01-31 02:38:09]   ✅ 提取 1 个产品
[2026-01-31 02:38:09] 📱 采集: 公积金查询武汉 (公积金资讯)
[2026-01-31 02:38:09]   ✅ 提取 1 个产品
[2026-01-31 02:38:09] 📱 采集: 武汉信贷联盟 (行业资讯)
[2026-01-31 02:38:09]   ✅ 提取 1 个产品
[2026-01-31 02:38:09] 📱 采集: 贷款中介联盟 (行业资讯)
[2026-01-31 02:38:09]   ✅ 提取 1 个产品
[2026-01-31 02:38:09] 📱 采集: 银行产品大全 (产品聚合)
[2026-01-31 02:38:09]   ✅ 提取 1 个产品
[2026-01-31 02:38:09] 📱 采集: 武汉房贷通 (房贷专项)
[2026-01-31 02:38:09]   ✅ 提取 1 个产品
[2026-01-31 02:38:09] 📱 采集: 企业贷助手 (企业贷款)
[2026-01-31 02:38:09]   ✅ 提取 1 个产品
[2026-01-31 02:38:09] 📱 采集: 征信修复指南 (征信服务)
[2026-01-31 02:38:09]   ✅ 提取 1 个产品
[2026-01-31 02:38:09] 
✅ 共采集 14 个产品（来自 14 个公众号）
[2026-01-31 02:38:09] 🔄 同步到产品库...
[2026-01-31 02:38:09] ✅ 已同步到: /workspaces/MyMoltbot/obsidian-templates/产品库/公众号数据/wechat_products_20260131_023809.json
[2026-01-31 02:38:09] 📄 报告: /home/codespace/clawd/wechat-collector/data/report_20260131.md
[2026-01-31 02:38:09] 
📊 采集统计:
[2026-01-31 02:38:09]   - 监控公众号: 14个
[2026-01-31 02:38:09]   - 采集产品: 14个
[2026-01-31 02:38:09]   - 新增变化: 0个
[2026-01-31 02:38:16] ============================================================
[2026-01-31 02:38:16]     增强版公众号产品采集系统 v2.0
[2026-01-31 02:38:16] ============================================================
[2026-01-31 02:38:16] 🚀 开始增强版公众号产品采集...
[2026-01-31 02:38:16] 📱 采集: 武汉贷款通 (产品推荐)
[2026-01-31 02:38:16]   ✅ 提取 1 个产品
[2026-01-31 02:38:16] 📱 采集: 汉口贷款助手 (产品评测)
[2026-01-31 02:38:16]   ✅ 提取 1 个产品
[2026-01-31 02:38:16] 📱 采集: 湖北金融通 (政策解读)
[2026-01-31 02:38:16]   ✅ 提取 1 个产品
[2026-01-31 02:38:16] 📱 采集: 光谷贷款指南 (产品推荐)
[2026-01-31 02:38:16]   ✅ 提取 1 个产品
[2026-01-31 02:38:16] 📱 采集: 武汉房抵专家 (抵押贷款)
[2026-01-31 02:38:16]   ✅ 提取 1 个产品
[2026-01-31 02:38:16] 📱 采集: 汉口银行微服务 (银行官方)
[2026-01-31 02:38:16]   ✅ 提取 1 个产品
[2026-01-31 02:38:16] 📱 采集: 湖北银行微银行 (银行官方)
[2026-01-31 02:38:16]   ✅ 提取 1 个产品
[2026-01-31 02:38:16] 📱 采集: 公积金查询武汉 (公积金资讯)
[2026-01-31 02:38:16]   ✅ 提取 1 个产品
[2026-01-31 02:38:16] 📱 采集: 武汉信贷联盟 (行业资讯)
[2026-01-31 02:38:16]   ✅ 提取 1 个产品
[2026-01-31 02:38:16] 📱 采集: 贷款中介联盟 (行业资讯)
[2026-01-31 02:38:16]   ✅ 提取 1 个产品
[2026-01-31 02:38:16] 📱 采集: 银行产品大全 (产品聚合)
[2026-01-31 02:38:16]   ✅ 提取 1 个产品
[2026-01-31 02:38:16] 📱 采集: 武汉房贷通 (房贷专项)
[2026-01-31 02:38:16]   ✅ 提取 1 个产品
[2026-01-31 02:38:16] 📱 采集: 企业贷助手 (企业贷款)
[2026-01-31 02:38:16]   ✅ 提取 1 个产品
[2026-01-31 02:38:16] 📱 采集: 征信修复指南 (征信服务)
[2026-01-31 02:38:16]   ✅ 提取 1 个产品
[2026-01-31 02:38:16] 
✅ 共采集 14 个产品（来自 14 个公众号）
[2026-01-31 02:38:16] 🔄 同步到产品库...
[2026-01-31 02:38:16] ✅ 已同步到: /workspaces/MyMoltbot/obsidian-templates/产品库/公众号数据/wechat_products_20260131_023816.json
[2026-01-31 02:38:16] 📄 报告: /home/codespace/clawd/wechat-collector/data/report_20260131.md
[2026-01-31 02:38:16] 
📊 采集统计:
[2026-01-31 02:38:16]   - 监控公众号: 14个
[2026-01-31 02:38:16]   - 采集产品: 14个
[2026-01-31 02:38:16]   - 新增变化: 0个
