[2026-01-30 16:50:16] 🚀 开始采集产品数据...
[2026-01-30 16:50:16] ✅ 工商银行-融e借 已采集
[2026-01-30 16:50:16] ✅ 建设银行-快贷 已采集
[2026-01-30 16:50:16] ✅ 融360 产品已采集: 2个
[2026-01-30 16:50:16] ✅ 共采集 4 个产品
[2026-01-30 16:50:20] 🚀 开始采集产品数据...
[2026-01-30 16:50:20] ✅ 工商银行-融e借 已采集
[2026-01-30 16:50:20] ✅ 建设银行-快贷 已采集
[2026-01-30 16:50:20] ✅ 融360 产品已采集: 2个
[2026-01-30 16:50:20] ✅ 共采集 4 个产品
[2026-01-30 16:52:05] 🚀 开始采集产品数据...
[2026-01-30 16:52:05] ✅ 工商银行-融e借 已采集
[2026-01-30 16:52:05] ✅ 建设银行-快贷 已采集
[2026-01-30 16:52:05] ✅ 融360 产品已采集: 2个
[2026-01-30 16:52:05] ✅ 共采集 4 个产品
🚀 开始采集产品数据...
✅ 工商银行-融e借 已采集
✅ 建设银行-快贷 已采集
✅ 融360 产品已采集: 2个
✅ 共采集 4 个产品

📊 共采集 4 个产品
